\BOOKMARK [1][-]{Doc-Start}{\376\377\000R\000e\000s\000u\000m\000e\000n\000\040\000E\000j\000e\000c\000u\000t\000i\000v\000o}{}% 1
\BOOKMARK [1][-]{section.1}{\376\377\000I\000n\000t\000r\000o\000d\000u\000c\000c\000i\000\363\000n\000\040\000y\000\040\000A\000l\000c\000a\000n\000c\000e}{}% 2
\BOOKMARK [1][-]{section.2}{\376\377\000R\000e\000q\000u\000i\000s\000i\000t\000o\000s\000\040\000d\000e\000l\000\040\000S\000i\000s\000t\000e\000m\000a}{}% 3
\BOOKMARK [2][-]{subsection.2.1}{\376\377\000L\000\363\000g\000i\000c\000a\000\040\000d\000e\000\040\000c\000o\000n\000t\000r\000o\000l}{section.2}% 4
\BOOKMARK [2][-]{subsection.2.2}{\376\377\000C\000o\000m\000p\000o\000n\000e\000n\000t\000e\000s\000\040\000p\000r\000i\000n\000c\000i\000p\000a\000l\000e\000s}{section.2}% 5
\BOOKMARK [2][-]{subsection.2.3}{\376\377\000M\000a\000p\000a\000\040\000d\000e\000\040\000G\000P\000I\000O\000s}{section.2}% 6
\BOOKMARK [1][-]{section.3}{\376\377\000M\000e\000t\000o\000d\000o\000l\000o\000g\000\355\000a\000\040\000y\000\040\000C\000r\000o\000n\000o\000g\000r\000a\000m\000a\000\040\000d\000e\000\040\000E\000j\000e\000c\000u\000c\000i\000\363\000n}{}% 7
\BOOKMARK [2][-]{subsection.3.1}{\376\377\000D\000i\000s\000t\000r\000i\000b\000u\000c\000i\000\363\000n\000\040\000r\000e\000a\000l\000\040\000d\000e\000\040\000h\000o\000r\000a\000s\000\040\000p\000o\000r\000\040\000e\000n\000t\000r\000e\000g\000a\000b\000l\000e}{section.3}% 8
\BOOKMARK [1][-]{section.4}{\376\377\000A\000r\000q\000u\000i\000t\000e\000c\000t\000u\000r\000a\000\040\000d\000e\000l\000\040\000F\000i\000r\000m\000w\000a\000r\000e}{}% 9
\BOOKMARK [2][-]{subsection.4.1}{\376\377\000M\000\341\000q\000u\000i\000n\000a\000\040\000d\000e\000\040\000e\000s\000t\000a\000d\000o\000s\000\040\000f\000i\000n\000i\000t\000o\000s\000\040\000\050\000F\000S\000M\000\051}{section.4}% 10
\BOOKMARK [2][-]{subsection.4.2}{\376\377\000A\000d\000q\000u\000i\000s\000i\000c\000i\000\363\000n\000\040\000a\000n\000a\000l\000\363\000g\000i\000c\000a\000\040\000y\000\040\000c\000o\000n\000v\000e\000r\000s\000i\000\363\000n\000\040\000N\000T\000C}{section.4}% 11
\BOOKMARK [2][-]{subsection.4.3}{\376\377\000W\000a\000t\000c\000h\000d\000o\000g\000\040\000y\000\040\000c\000o\000n\000t\000r\000o\000l\000\040\000s\000\355\000n\000c\000r\000o\000n\000o\000\040\000d\000e\000l\000\040\000a\000c\000t\000u\000a\000d\000o\000r}{section.4}% 12
\BOOKMARK [2][-]{subsection.4.4}{\376\377\000B\000l\000o\000q\000u\000e\000o\000s\000\040\000t\000\351\000c\000n\000i\000c\000o\000s\000\040\000r\000e\000s\000u\000e\000l\000t\000o\000s}{section.4}% 13
\BOOKMARK [1][-]{section.5}{\376\377\000S\000i\000m\000u\000l\000a\000c\000i\000\363\000n\000\040\000e\000n\000\040\000W\000o\000k\000w\000i}{}% 14
\BOOKMARK [2][-]{subsection.5.1}{\376\377\000E\000q\000u\000i\000v\000a\000l\000e\000n\000c\000i\000a\000s\000\040\000d\000e\000\040\000c\000o\000m\000p\000o\000n\000e\000n\000t\000e\000s}{section.5}% 15
\BOOKMARK [2][-]{subsection.5.2}{\376\377\000I\000n\000t\000e\000r\000a\000c\000c\000i\000\363\000n\000\040\000a\000v\000a\000n\000z\000a\000d\000a}{section.5}% 16
\BOOKMARK [1][-]{section.6}{\376\377\000D\000i\000s\000e\000\361\000o\000\040\000d\000e\000l\000\040\000E\000s\000q\000u\000e\000m\000\341\000t\000i\000c\000o}{}% 17
\BOOKMARK [1][-]{section.7}{\376\377\000D\000i\000s\000e\000\361\000o\000\040\000d\000e\000l\000\040\000P\000C\000B}{}% 18
\BOOKMARK [2][-]{subsection.7.1}{\376\377\000C\000r\000i\000t\000e\000r\000i\000o\000s\000\040\000d\000e\000\040\000l\000a\000y\000o\000u\000t\000\040\000a\000p\000l\000i\000c\000a\000d\000o\000s}{section.7}% 19
\BOOKMARK [2][-]{subsection.7.2}{\376\377\000D\000i\000s\000e\000\361\000o\000\040\000f\000i\000n\000a\000l\000\040\000r\000u\000t\000e\000a\000d\000o\000\040\000P\000C\000B\000\040\000v\0006}{section.7}% 20
\BOOKMARK [1][-]{section.8}{\376\377\000D\000e\000c\000i\000s\000i\000o\000n\000e\000s\000\040\000T\000\351\000c\000n\000i\000c\000a\000s\000\040\000C\000l\000a\000v\000e}{}% 21
\BOOKMARK [1][-]{section.9}{\376\377\000U\000s\000o\000\040\000d\000e\000\040\000I\000n\000t\000e\000l\000i\000g\000e\000n\000c\000i\000a\000\040\000A\000r\000t\000i\000f\000i\000c\000i\000a\000l\000\040\000\050\000A\000I\000\040\000L\000o\000g\000\051}{}% 22
\BOOKMARK [2][-]{subsection.9.1}{\376\377\000C\000a\000s\000o\000\040\000d\000o\000c\000u\000m\000e\000n\000t\000a\000d\000o\000\040\000d\000e\000\040\000s\000a\000l\000i\000d\000a\000\040\000i\000n\000c\000o\000r\000r\000e\000c\000t\000a\000\040\000d\000e\000\040\000l\000a\000\040\000I\000A}{section.9}% 23
\BOOKMARK [1][-]{section.10}{\376\377\000A\000n\000\341\000l\000i\000s\000i\000s\000\040\000d\000e\000\040\000C\000o\000n\000f\000i\000a\000b\000i\000l\000i\000d\000a\000d}{}% 24
\BOOKMARK [2][-]{subsection.10.1}{\376\377\000F\000o\000r\000t\000a\000l\000e\000z\000a\000s}{section.10}% 25
\BOOKMARK [2][-]{subsection.10.2}{\376\377\000D\000e\000b\000i\000l\000i\000d\000a\000d\000e\000s\000\040\000i\000d\000e\000n\000t\000i\000f\000i\000c\000a\000d\000a\000s\000\040\000\050\000c\000a\000m\000i\000n\000o\000\040\000a\000l\000\040\0001\0000\000/\0001\0000\000\051}{section.10}% 26
\BOOKMARK [1][-]{section.11}{\376\377\000M\000e\000j\000o\000r\000a\000s\000\040\000F\000u\000t\000u\000r\000a\000s}{}% 27
\BOOKMARK [1][-]{section.12}{\376\377\000C\000h\000e\000c\000k\000l\000i\000s\000t\000\040\000d\000e\000\040\000E\000n\000t\000r\000e\000g\000a\000b\000l\000e\000s\000\040\000y\000\040\000P\000r\000e\000p\000a\000r\000a\000c\000i\000\363\000n\000\040\000d\000e\000\040\000F\000a\000s\000e\000\040\0002}{}% 28
\BOOKMARK [1][-]{section.13}{\376\377\000C\000o\000n\000c\000l\000u\000s\000i\000o\000n\000e\000s}{}% 29
